{"/Users/manon.coulombe/Desktop/projets/refacto-ts/app/gilded-rose.ts": {"path":"/Users/manon.coulombe/Desktop/projets/refacto-ts/app/gilded-rose.ts","all":false,"statementMap":{"0":{"start":{"line":1,"column":0},"end":{"line":1,"column":19}},"1":{"start":{"line":2,"column":0},"end":{"line":2,"column":15}},"2":{"start":{"line":3,"column":0},"end":{"line":3,"column":29}},"3":{"start":{"line":4,"column":0},"end":{"line":4,"column":18}},"4":{"start":{"line":5,"column":0},"end":{"line":5,"column":0}},"5":{"start":{"line":6,"column":0},"end":{"line":6,"column":38}},"6":{"start":{"line":7,"column":0},"end":{"line":7,"column":21}},"7":{"start":{"line":8,"column":0},"end":{"line":8,"column":37}},"8":{"start":{"line":9,"column":0},"end":{"line":9,"column":27}},"9":{"start":{"line":10,"column":0},"end":{"line":10,"column":3}},"10":{"start":{"line":11,"column":0},"end":{"line":11,"column":1}},"11":{"start":{"line":12,"column":0},"end":{"line":12,"column":0}},"12":{"start":{"line":13,"column":0},"end":{"line":13,"column":25}},"13":{"start":{"line":14,"column":0},"end":{"line":14,"column":73}},"14":{"start":{"line":15,"column":0},"end":{"line":15,"column":40}},"15":{"start":{"line":16,"column":0},"end":{"line":16,"column":57}},"16":{"start":{"line":17,"column":0},"end":{"line":17,"column":49}},"17":{"start":{"line":18,"column":0},"end":{"line":18,"column":0}},"18":{"start":{"line":19,"column":0},"end":{"line":19,"column":0}},"19":{"start":{"line":20,"column":0},"end":{"line":20,"column":21}},"20":{"start":{"line":21,"column":0},"end":{"line":21,"column":0}},"21":{"start":{"line":22,"column":0},"end":{"line":22,"column":42}},"22":{"start":{"line":23,"column":0},"end":{"line":23,"column":23}},"23":{"start":{"line":24,"column":0},"end":{"line":24,"column":3}},"24":{"start":{"line":25,"column":0},"end":{"line":25,"column":0}},"25":{"start":{"line":26,"column":0},"end":{"line":26,"column":22}},"26":{"start":{"line":27,"column":0},"end":{"line":27,"column":49}},"27":{"start":{"line":28,"column":0},"end":{"line":28,"column":39}},"28":{"start":{"line":29,"column":0},"end":{"line":29,"column":0}},"29":{"start":{"line":30,"column":0},"end":{"line":30,"column":33}},"30":{"start":{"line":31,"column":0},"end":{"line":31,"column":35}},"31":{"start":{"line":32,"column":0},"end":{"line":32,"column":48}},"32":{"start":{"line":33,"column":0},"end":{"line":33,"column":59}},"33":{"start":{"line":34,"column":0},"end":{"line":34,"column":15}},"34":{"start":{"line":35,"column":0},"end":{"line":35,"column":0}},"35":{"start":{"line":36,"column":0},"end":{"line":36,"column":36}},"36":{"start":{"line":37,"column":0},"end":{"line":37,"column":54}},"37":{"start":{"line":38,"column":0},"end":{"line":38,"column":59}},"38":{"start":{"line":39,"column":0},"end":{"line":39,"column":15}},"39":{"start":{"line":40,"column":0},"end":{"line":40,"column":0}},"40":{"start":{"line":41,"column":0},"end":{"line":41,"column":35}},"41":{"start":{"line":42,"column":0},"end":{"line":42,"column":71}},"42":{"start":{"line":43,"column":0},"end":{"line":43,"column":15}},"43":{"start":{"line":44,"column":0},"end":{"line":44,"column":10}},"44":{"start":{"line":45,"column":0},"end":{"line":45,"column":16}},"45":{"start":{"line":46,"column":0},"end":{"line":46,"column":48}},"46":{"start":{"line":47,"column":0},"end":{"line":47,"column":59}},"47":{"start":{"line":48,"column":0},"end":{"line":48,"column":15}},"48":{"start":{"line":49,"column":0},"end":{"line":49,"column":7}},"49":{"start":{"line":50,"column":0},"end":{"line":50,"column":5}},"50":{"start":{"line":51,"column":0},"end":{"line":51,"column":22}},"51":{"start":{"line":52,"column":0},"end":{"line":52,"column":3}},"52":{"start":{"line":53,"column":0},"end":{"line":53,"column":0}},"53":{"start":{"line":54,"column":0},"end":{"line":54,"column":42}},"54":{"start":{"line":55,"column":0},"end":{"line":55,"column":39}},"55":{"start":{"line":56,"column":0},"end":{"line":56,"column":23}},"56":{"start":{"line":57,"column":0},"end":{"line":57,"column":14}},"57":{"start":{"line":58,"column":0},"end":{"line":58,"column":5}},"58":{"start":{"line":59,"column":0},"end":{"line":59,"column":40}},"59":{"start":{"line":60,"column":0},"end":{"line":60,"column":40}},"60":{"start":{"line":61,"column":0},"end":{"line":61,"column":5}},"61":{"start":{"line":62,"column":0},"end":{"line":62,"column":39}},"62":{"start":{"line":63,"column":0},"end":{"line":63,"column":40}},"63":{"start":{"line":64,"column":0},"end":{"line":64,"column":5}},"64":{"start":{"line":65,"column":0},"end":{"line":65,"column":38}},"65":{"start":{"line":66,"column":0},"end":{"line":66,"column":3}},"66":{"start":{"line":67,"column":0},"end":{"line":67,"column":0}},"67":{"start":{"line":68,"column":0},"end":{"line":68,"column":36}},"68":{"start":{"line":69,"column":0},"end":{"line":69,"column":26}},"69":{"start":{"line":70,"column":0},"end":{"line":70,"column":20}},"70":{"start":{"line":71,"column":0},"end":{"line":71,"column":3}},"71":{"start":{"line":72,"column":0},"end":{"line":72,"column":0}},"72":{"start":{"line":73,"column":0},"end":{"line":73,"column":44}},"73":{"start":{"line":74,"column":0},"end":{"line":74,"column":25}},"74":{"start":{"line":75,"column":0},"end":{"line":75,"column":20}},"75":{"start":{"line":76,"column":0},"end":{"line":76,"column":3}},"76":{"start":{"line":77,"column":0},"end":{"line":77,"column":0}},"77":{"start":{"line":78,"column":0},"end":{"line":78,"column":55}},"78":{"start":{"line":79,"column":0},"end":{"line":79,"column":28}},"79":{"start":{"line":80,"column":0},"end":{"line":80,"column":31}},"80":{"start":{"line":81,"column":0},"end":{"line":81,"column":5}},"81":{"start":{"line":82,"column":0},"end":{"line":82,"column":29}},"82":{"start":{"line":83,"column":0},"end":{"line":83,"column":3}},"83":{"start":{"line":84,"column":0},"end":{"line":84,"column":1}}},"s":{"0":1,"1":1,"2":1,"3":1,"4":1,"5":1,"6":1,"7":1,"8":10,"9":10,"10":10,"11":10,"12":10,"13":1,"14":1,"15":1,"16":10,"17":1,"18":1,"19":10,"20":10,"21":10,"22":10,"23":10,"24":10,"25":10,"26":10,"27":10,"28":10,"29":10,"30":10,"31":1,"32":9,"33":9,"34":9,"35":9,"36":9,"37":2,"38":2,"39":2,"40":2,"41":9,"42":9,"43":4,"44":4,"45":4,"46":4,"47":4,"48":4,"49":4,"50":4,"51":9,"52":9,"53":9,"54":1,"55":1,"56":1,"57":1,"58":9,"59":2,"60":2,"61":2,"62":2,"63":2,"64":9,"65":9,"66":9,"67":9,"68":1,"69":1,"70":1,"71":1,"72":1,"73":4,"74":1,"75":1,"76":1,"77":4,"78":4,"79":2,"80":2,"81":4,"82":3,"83":3},"branchMap":{"0":{"type":"branch","line":1,"loc":{"start":{"line":1,"column":0},"end":{"line":84,"column":1}},"locations":[{"start":{"line":1,"column":0},"end":{"line":84,"column":1}}]},"1":{"type":"branch","line":1,"loc":{"start":{"line":1,"column":0},"end":{"line":84,"column":1}},"locations":[{"start":{"line":1,"column":0},"end":{"line":84,"column":1}}]},"2":{"type":"branch","line":8,"loc":{"start":{"line":8,"column":0},"end":{"line":15,"column":8}},"locations":[{"start":{"line":8,"column":0},"end":{"line":15,"column":8}}]},"3":{"type":"branch","line":8,"loc":{"start":{"line":8,"column":18},"end":{"line":14,"column":63}},"locations":[{"start":{"line":8,"column":18},"end":{"line":14,"column":63}}]},"4":{"type":"branch","line":16,"loc":{"start":{"line":16,"column":25},"end":{"line":84,"column":1}},"locations":[{"start":{"line":16,"column":25},"end":{"line":84,"column":1}}]},"5":{"type":"branch","line":16,"loc":{"start":{"line":16,"column":43},"end":{"line":32,"column":1}},"locations":[{"start":{"line":16,"column":43},"end":{"line":32,"column":1}}]},"6":{"type":"branch","line":17,"loc":{"start":{"line":17,"column":44},"end":{"line":20,"column":7}},"locations":[{"start":{"line":17,"column":44},"end":{"line":20,"column":7}}]},"7":{"type":"branch","line":32,"loc":{"start":{"line":32,"column":46},"end":{"line":69,"column":4}},"locations":[{"start":{"line":32,"column":46},"end":{"line":69,"column":4}}]},"8":{"type":"branch","line":37,"loc":{"start":{"line":37,"column":52},"end":{"line":42,"column":69}},"locations":[{"start":{"line":37,"column":52},"end":{"line":42,"column":69}}]},"9":{"type":"branch","line":43,"loc":{"start":{"line":43,"column":14},"end":{"line":52,"column":0}},"locations":[{"start":{"line":43,"column":14},"end":{"line":52,"column":0}}]},"10":{"type":"branch","line":54,"loc":{"start":{"line":54,"column":12},"end":{"line":59,"column":20}},"locations":[{"start":{"line":54,"column":12},"end":{"line":59,"column":20}}]},"11":{"type":"branch","line":59,"loc":{"start":{"line":59,"column":37},"end":{"line":65,"column":28}},"locations":[{"start":{"line":59,"column":37},"end":{"line":65,"column":28}}]},"12":{"type":"branch","line":73,"loc":{"start":{"line":73,"column":7},"end":{"line":84,"column":1}},"locations":[{"start":{"line":73,"column":7},"end":{"line":84,"column":1}}]},"13":{"type":"branch","line":74,"loc":{"start":{"line":74,"column":22},"end":{"line":78,"column":31}},"locations":[{"start":{"line":74,"column":22},"end":{"line":78,"column":31}}]},"14":{"type":"branch","line":78,"loc":{"start":{"line":78,"column":31},"end":{"line":79,"column":19}},"locations":[{"start":{"line":78,"column":31},"end":{"line":79,"column":19}}]},"15":{"type":"branch","line":79,"loc":{"start":{"line":79,"column":19},"end":{"line":82,"column":8}},"locations":[{"start":{"line":79,"column":19},"end":{"line":82,"column":8}}]},"16":{"type":"branch","line":82,"loc":{"start":{"line":82,"column":8},"end":{"line":84,"column":1}},"locations":[{"start":{"line":82,"column":8},"end":{"line":84,"column":1}}]}},"b":{"0":[1],"1":[1],"2":[1],"3":[10],"4":[1],"5":[10],"6":[1],"7":[9],"8":[2],"9":[4],"10":[1],"11":[2],"12":[4],"13":[1],"14":[3],"15":[2],"16":[3]},"fnMap":{"0":{"name":"Object.<anonymous>","decl":{"start":{"line":1,"column":0},"end":{"line":84,"column":1}},"loc":{"start":{"line":1,"column":0},"end":{"line":84,"column":1}},"line":1},"1":{"name":"Item","decl":{"start":{"line":8,"column":18},"end":{"line":14,"column":63}},"loc":{"start":{"line":8,"column":18},"end":{"line":14,"column":63}},"line":8},"2":{"name":"GildedRose","decl":{"start":{"line":16,"column":43},"end":{"line":32,"column":1}},"loc":{"start":{"line":16,"column":43},"end":{"line":32,"column":1}},"line":16},"3":{"name":"Object.<anonymous>.GildedRose.dailyItemsUpdate","decl":{"start":{"line":32,"column":46},"end":{"line":69,"column":4}},"loc":{"start":{"line":32,"column":46},"end":{"line":69,"column":4}},"line":32},"4":{"name":"Object.<anonymous>.GildedRose.manageBackstageItemQuality","decl":{"start":{"line":73,"column":7},"end":{"line":84,"column":1}},"loc":{"start":{"line":73,"column":7},"end":{"line":84,"column":1}},"line":73}},"f":{"0":1,"1":10,"2":10,"3":9,"4":4}}
}
