TN:
SF:app/gilded-rose.ts
FN:1,Object.<anonymous>
FN:8,Item
FN:16,GildedRose
FN:32,Object.<anonymous>.GildedRose.dailyItemsUpdate
FN:73,Object.<anonymous>.GildedRose.manageBackstageItemQuality
FNF:5
FNH:5
FNDA:1,Object.<anonymous>
FNDA:10,Item
FNDA:10,GildedRose
FNDA:9,Object.<anonymous>.GildedRose.dailyItemsUpdate
FNDA:4,Object.<anonymous>.GildedRose.manageBackstageItemQuality
DA:1,1
DA:2,1
DA:3,1
DA:4,1
DA:5,1
DA:6,1
DA:7,1
DA:8,1
DA:9,10
DA:10,10
DA:11,10
DA:12,10
DA:13,10
DA:14,1
DA:15,1
DA:16,1
DA:17,10
DA:18,1
DA:19,1
DA:20,10
DA:21,10
DA:22,10
DA:23,10
DA:24,10
DA:25,10
DA:26,10
DA:27,10
DA:28,10
DA:29,10
DA:30,10
DA:31,10
DA:32,1
DA:33,9
DA:34,9
DA:35,9
DA:36,9
DA:37,9
DA:38,2
DA:39,2
DA:40,2
DA:41,2
DA:42,9
DA:43,9
DA:44,4
DA:45,4
DA:46,4
DA:47,4
DA:48,4
DA:49,4
DA:50,4
DA:51,4
DA:52,9
DA:53,9
DA:54,9
DA:55,1
DA:56,1
DA:57,1
DA:58,1
DA:59,9
DA:60,2
DA:61,2
DA:62,2
DA:63,2
DA:64,2
DA:65,9
DA:66,9
DA:67,9
DA:68,9
DA:69,1
DA:70,1
DA:71,1
DA:72,1
DA:73,1
DA:74,4
DA:75,1
DA:76,1
DA:77,1
DA:78,4
DA:79,4
DA:80,2
DA:81,2
DA:82,4
DA:83,3
DA:84,3
LF:84
LH:84
BRDA:1,0,0,1
BRDA:1,1,0,1
BRDA:8,2,0,1
BRDA:8,3,0,10
BRDA:16,4,0,1
BRDA:16,5,0,10
BRDA:17,6,0,1
BRDA:32,7,0,9
BRDA:37,8,0,2
BRDA:43,9,0,4
BRDA:54,10,0,1
BRDA:59,11,0,2
BRDA:73,12,0,4
BRDA:74,13,0,1
BRDA:78,14,0,3
BRDA:79,15,0,2
BRDA:82,16,0,3
BRF:17
BRH:17
end_of_record
